<?xml version="1.0" encoding="UTF-8"?>
<!-- Generated by org.testng.reporters.JUnitReportReporter -->
<testsuite skipped="1" hostname="Juner" name="ca.mcgill.ecse321.tutor.integration.RESTfulServicesTests" tests="13" failures="1" timestamp="2019-10-31T23:18:27 EDT" time="4.861" errors="0">
  <testcase name="testTutorNotification" time="1.373" classname="ca.mcgill.ecse321.tutor.integration.RESTfulServicesTests"/>
  <testcase name="testCreateNotification" time="0.646" classname="ca.mcgill.ecse321.tutor.integration.RESTfulServicesTests">
    <failure type="java.lang.AssertionError" message="expected [200] but found [500]">
      <![CDATA[java.lang.AssertionError: expected [200] but found [500]
at org.testng.Assert.fail(Assert.java:97)
at org.testng.Assert.assertEqualsImpl(Assert.java:136)
at org.testng.Assert.assertEquals(Assert.java:118)
at org.testng.Assert.assertEquals(Assert.java:839)
at org.testng.Assert.assertEquals(Assert.java:849)
at ca.mcgill.ecse321.tutor.integration.RESTfulServicesTests.testCreateNotification(RESTfulServicesTests.java:226)
at sun.reflect.NativeMethodAccessorImpl.invoke0(Native Method)
at sun.reflect.NativeMethodAccessorImpl.invoke(Unknown Source)
at sun.reflect.DelegatingMethodAccessorImpl.invoke(Unknown Source)
at java.lang.reflect.Method.invoke(Unknown Source)
at org.testng.internal.MethodInvocationHelper.invokeMethod(MethodInvocationHelper.java:133)
at org.testng.internal.MethodInvocationHelper$1.runTestMethod(MethodInvocationHelper.java:239)
at org.springframework.test.context.testng.AbstractTestNGSpringContextTests.run(AbstractTestNGSpringContextTests.java:180)
at org.testng.internal.MethodInvocationHelper.invokeHookable(MethodInvocationHelper.java:251)
at org.testng.internal.TestInvoker.invokeMethod(TestInvoker.java:580)
at org.testng.internal.TestInvoker.invokeTestMethod(TestInvoker.java:172)
at org.testng.internal.MethodRunner.runInSequence(MethodRunner.java:46)
at org.testng.internal.TestInvoker$MethodInvocationAgent.invoke(TestInvoker.java:804)
at org.testng.internal.TestInvoker.invokeTestMethods(TestInvoker.java:145)
at org.testng.internal.TestMethodWorker.invokeTestMethods(TestMethodWorker.java:146)
at org.testng.internal.TestMethodWorker.run(TestMethodWorker.java:128)
at java.util.ArrayList.forEach(Unknown Source)
at org.testng.TestRunner.privateRun(TestRunner.java:770)
at org.testng.TestRunner.run(TestRunner.java:591)
at org.testng.SuiteRunner.runTest(SuiteRunner.java:402)
at org.testng.SuiteRunner.runSequentially(SuiteRunner.java:396)
at org.testng.SuiteRunner.privateRun(SuiteRunner.java:355)
at org.testng.SuiteRunner.run(SuiteRunner.java:304)
at org.testng.SuiteRunnerWorker.runSuite(SuiteRunnerWorker.java:53)
at org.testng.SuiteRunnerWorker.run(SuiteRunnerWorker.java:96)
at org.testng.TestNG.runSuitesSequentially(TestNG.java:1180)
at org.testng.TestNG.runSuitesLocally(TestNG.java:1102)
at org.testng.TestNG.runSuites(TestNG.java:1032)
at org.testng.TestNG.run(TestNG.java:1000)
at org.testng.remote.AbstractRemoteTestNG.run(AbstractRemoteTestNG.java:115)
at org.testng.remote.RemoteTestNG.initAndRun(RemoteTestNG.java:251)
at org.testng.remote.RemoteTestNG.main(RemoteTestNG.java:77)
]]>
    </failure>
  </testcase> <!-- testCreateNotification -->
  <testcase name="testGetNotificationByID" time="0.000" classname="ca.mcgill.ecse321.tutor.integration.RESTfulServicesTests">
    <skipped/>
  </testcase> <!-- testGetNotificationByID -->
  <testcase name="testCreateTimeSlot" time="0.129" classname="ca.mcgill.ecse321.tutor.integration.RESTfulServicesTests"/>
  <testcase name="testGetTimeSlotById" time="0.132" classname="ca.mcgill.ecse321.tutor.integration.RESTfulServicesTests"/>
  <testcase name="testCreateTutor" time="0.093" classname="ca.mcgill.ecse321.tutor.integration.RESTfulServicesTests"/>
  <testcase name="testGetTutorById" time="0.100" classname="ca.mcgill.ecse321.tutor.integration.RESTfulServicesTests"/>
  <testcase name="testCreateTutoringSession" time="0.841" classname="ca.mcgill.ecse321.tutor.integration.RESTfulServicesTests"/>
  <testcase name="testGetTutoringSessionById" time="1.282" classname="ca.mcgill.ecse321.tutor.integration.RESTfulServicesTests"/>
  <testcase name="testGetStudent" time="0.069" classname="ca.mcgill.ecse321.tutor.integration.RESTfulServicesTests"/>
  <testcase name="testGetRoom" time="0.079" classname="ca.mcgill.ecse321.tutor.integration.RESTfulServicesTests"/>
  <testcase name="testGetManager" time="0.049" classname="ca.mcgill.ecse321.tutor.integration.RESTfulServicesTests"/>
  <testcase name="testGetCourse" time="0.068" classname="ca.mcgill.ecse321.tutor.integration.RESTfulServicesTests"/>
</testsuite> <!-- ca.mcgill.ecse321.tutor.integration.RESTfulServicesTests -->
