<?xml version="1.0" encoding="UTF-8"?>
<testng-results skipped="0" failed="0" ignored="0" total="1" passed="1">
  <reporter-output>
  </reporter-output>
  <suite name="Default suite" duration-ms="21511" started-at="2019-10-31T06:24:18 EDT" finished-at="2019-10-31T06:24:39 EDT">
    <groups>
      <group name="Test preparation">
        <method signature="RESTfulServicesTests.testCreateManager()[pri:1, instance:ca.mcgill.ecse321.tutor.integration.RESTfulServicesTests@543588e6]" name="testCreateManager" class="ca.mcgill.ecse321.tutor.integration.RESTfulServicesTests"/>
      </group> <!-- Test preparation -->
    </groups>
    <test name="Default test" duration-ms="21511" started-at="2019-10-31T06:24:18 EDT" finished-at="2019-10-31T06:24:39 EDT">
      <class name="ca.mcgill.ecse321.tutor.integration.RESTfulServicesTests">
        <test-method status="PASS" signature="springTestContextBeforeTestClass()[pri:0, instance:ca.mcgill.ecse321.tutor.integration.RESTfulServicesTests@543588e6]" name="springTestContextBeforeTestClass" is-config="true" duration-ms="29" started-at="2019-10-31T06:24:18 EDT" finished-at="2019-10-31T06:24:18 EDT">
          <reporter-output>
          </reporter-output>
        </test-method> <!-- springTestContextBeforeTestClass -->
        <test-method status="PASS" signature="springTestContextPrepareTestInstance()[pri:0, instance:ca.mcgill.ecse321.tutor.integration.RESTfulServicesTests@543588e6]" name="springTestContextPrepareTestInstance" is-config="true" duration-ms="19129" started-at="2019-10-31T06:24:18 EDT" depends-on-methods="org.springframework.test.context.testng.AbstractTestNGSpringContextTests.springTestContextBeforeTestClass" finished-at="2019-10-31T06:24:37 EDT">
          <reporter-output>
          </reporter-output>
        </test-method> <!-- springTestContextPrepareTestInstance -->
        <test-method status="PASS" signature="clearManagerDatabase()[pri:0, instance:ca.mcgill.ecse321.tutor.integration.RESTfulServicesTests@543588e6]" name="clearManagerDatabase" is-config="true" duration-ms="514" started-at="2019-10-31T06:24:37 EDT" finished-at="2019-10-31T06:24:37 EDT">
          <reporter-output>
          </reporter-output>
        </test-method> <!-- clearManagerDatabase -->
        <test-method status="PASS" signature="springTestContextBeforeTestMethod(java.lang.reflect.Method)[pri:0, instance:ca.mcgill.ecse321.tutor.integration.RESTfulServicesTests@543588e6]" name="springTestContextBeforeTestMethod" is-config="true" duration-ms="4" started-at="2019-10-31T06:24:37 EDT" finished-at="2019-10-31T06:24:37 EDT">
          <params>
            <param index="0">
              <value>
                <![CDATA[public void ca.mcgill.ecse321.tutor.integration.RESTfulServicesTests.testCreateManager()]]>
              </value>
            </param>
          </params>
          <reporter-output>
          </reporter-output>
        </test-method> <!-- springTestContextBeforeTestMethod -->
        <test-method status="PASS" signature="clearDatabase()[pri:0, instance:ca.mcgill.ecse321.tutor.integration.RESTfulServicesTests@543588e6]" name="clearDatabase" is-config="true" duration-ms="707" started-at="2019-10-31T06:24:37 EDT" finished-at="2019-10-31T06:24:38 EDT">
          <reporter-output>
          </reporter-output>
        </test-method> <!-- clearDatabase -->
        <test-method status="PASS" signature="testCreateManager()[pri:1, instance:ca.mcgill.ecse321.tutor.integration.RESTfulServicesTests@543588e6]" name="testCreateManager" duration-ms="789" started-at="2019-10-31T06:24:38 EDT" finished-at="2019-10-31T06:24:39 EDT">
          <reporter-output>
          </reporter-output>
        </test-method> <!-- testCreateManager -->
        <test-method status="PASS" signature="clearDatabase()[pri:0, instance:ca.mcgill.ecse321.tutor.integration.RESTfulServicesTests@543588e6]" name="clearDatabase" is-config="true" duration-ms="192" started-at="2019-10-31T06:24:39 EDT" finished-at="2019-10-31T06:24:39 EDT">
          <reporter-output>
          </reporter-output>
        </test-method> <!-- clearDatabase -->
        <test-method status="PASS" signature="springTestContextAfterTestMethod(java.lang.reflect.Method)[pri:0, instance:ca.mcgill.ecse321.tutor.integration.RESTfulServicesTests@543588e6]" name="springTestContextAfterTestMethod" is-config="true" duration-ms="0" started-at="2019-10-31T06:24:39 EDT" finished-at="2019-10-31T06:24:39 EDT">
          <params>
            <param index="0">
              <value>
                <![CDATA[public void ca.mcgill.ecse321.tutor.integration.RESTfulServicesTests.testCreateManager()]]>
              </value>
            </param>
          </params>
          <reporter-output>
          </reporter-output>
        </test-method> <!-- springTestContextAfterTestMethod -->
        <test-method status="PASS" signature="tearDown()[pri:0, instance:ca.mcgill.ecse321.tutor.integration.RESTfulServicesTests@543588e6]" name="tearDown" is-config="true" duration-ms="84" started-at="2019-10-31T06:24:39 EDT" finished-at="2019-10-31T06:24:39 EDT">
          <reporter-output>
          </reporter-output>
        </test-method> <!-- tearDown -->
        <test-method status="PASS" signature="springTestContextAfterTestClass()[pri:0, instance:ca.mcgill.ecse321.tutor.integration.RESTfulServicesTests@543588e6]" name="springTestContextAfterTestClass" is-config="true" duration-ms="0" started-at="2019-10-31T06:24:39 EDT" finished-at="2019-10-31T06:24:39 EDT">
          <reporter-output>
          </reporter-output>
        </test-method> <!-- springTestContextAfterTestClass -->
      </class> <!-- ca.mcgill.ecse321.tutor.integration.RESTfulServicesTests -->
    </test> <!-- Default test -->
  </suite> <!-- Default suite -->
</testng-results>
