<?xml version="1.0" encoding="UTF-8"?>
<testng-results skipped="1" failed="1" ignored="0" total="13" passed="11">
  <reporter-output>
  </reporter-output>
  <suite name="Default suite" duration-ms="24395" started-at="2019-10-31T23:18:03 EDT" finished-at="2019-10-31T23:18:27 EDT">
    <groups>
      <group name="Tutor">
        <method signature="RESTfulServicesTests.testCreateTutor()[pri:6, instance:ca.mcgill.ecse321.tutor.integration.RESTfulServicesTests@5d7148e2]" name="testCreateTutor" class="ca.mcgill.ecse321.tutor.integration.RESTfulServicesTests"/>
        <method signature="RESTfulServicesTests.testGetTutorById()[pri:7, instance:ca.mcgill.ecse321.tutor.integration.RESTfulServicesTests@5d7148e2]" name="testGetTutorById" class="ca.mcgill.ecse321.tutor.integration.RESTfulServicesTests"/>
      </group> <!-- Tutor -->
      <group name="Queries">
        <method signature="RESTfulServicesTests.testGetCourse()[pri:11, instance:ca.mcgill.ecse321.tutor.integration.RESTfulServicesTests@5d7148e2]" name="testGetCourse" class="ca.mcgill.ecse321.tutor.integration.RESTfulServicesTests"/>
        <method signature="RESTfulServicesTests.testGetManager()[pri:11, instance:ca.mcgill.ecse321.tutor.integration.RESTfulServicesTests@5d7148e2]" name="testGetManager" class="ca.mcgill.ecse321.tutor.integration.RESTfulServicesTests"/>
        <method signature="RESTfulServicesTests.testGetRoom()[pri:11, instance:ca.mcgill.ecse321.tutor.integration.RESTfulServicesTests@5d7148e2]" name="testGetRoom" class="ca.mcgill.ecse321.tutor.integration.RESTfulServicesTests"/>
        <method signature="RESTfulServicesTests.testGetStudent()[pri:11, instance:ca.mcgill.ecse321.tutor.integration.RESTfulServicesTests@5d7148e2]" name="testGetStudent" class="ca.mcgill.ecse321.tutor.integration.RESTfulServicesTests"/>
      </group> <!-- Queries -->
      <group name="TutoringSession">
        <method signature="RESTfulServicesTests.testCreateTutoringSession()[pri:8, instance:ca.mcgill.ecse321.tutor.integration.RESTfulServicesTests@5d7148e2]" name="testCreateTutoringSession" class="ca.mcgill.ecse321.tutor.integration.RESTfulServicesTests"/>
      </group> <!-- TutoringSession -->
      <group name="TimeSlot">
        <method signature="RESTfulServicesTests.testCreateTimeSlot()[pri:4, instance:ca.mcgill.ecse321.tutor.integration.RESTfulServicesTests@5d7148e2]" name="testCreateTimeSlot" class="ca.mcgill.ecse321.tutor.integration.RESTfulServicesTests"/>
        <method signature="RESTfulServicesTests.testGetTimeSlotById()[pri:5, instance:ca.mcgill.ecse321.tutor.integration.RESTfulServicesTests@5d7148e2]" name="testGetTimeSlotById" class="ca.mcgill.ecse321.tutor.integration.RESTfulServicesTests"/>
      </group> <!-- TimeSlot -->
      <group name="Notification">
        <method signature="RESTfulServicesTests.testCreateNotification()[pri:1, instance:ca.mcgill.ecse321.tutor.integration.RESTfulServicesTests@5d7148e2]" name="testCreateNotification" class="ca.mcgill.ecse321.tutor.integration.RESTfulServicesTests"/>
        <method signature="RESTfulServicesTests.testGetNotificationByID()[pri:2, instance:ca.mcgill.ecse321.tutor.integration.RESTfulServicesTests@5d7148e2]" name="testGetNotificationByID" class="ca.mcgill.ecse321.tutor.integration.RESTfulServicesTests"/>
      </group> <!-- Notification -->
    </groups>
    <test name="Default test" duration-ms="24395" started-at="2019-10-31T23:18:03 EDT" finished-at="2019-10-31T23:18:27 EDT">
      <class name="ca.mcgill.ecse321.tutor.integration.RESTfulServicesTests">
        <test-method status="PASS" signature="springTestContextBeforeTestClass()[pri:0, instance:ca.mcgill.ecse321.tutor.integration.RESTfulServicesTests@5d7148e2]" name="springTestContextBeforeTestClass" is-config="true" duration-ms="20" started-at="2019-10-31T23:18:03 EDT" finished-at="2019-10-31T23:18:03 EDT">
          <reporter-output>
          </reporter-output>
        </test-method> <!-- springTestContextBeforeTestClass -->
        <test-method status="PASS" signature="springTestContextPrepareTestInstance()[pri:0, instance:ca.mcgill.ecse321.tutor.integration.RESTfulServicesTests@5d7148e2]" name="springTestContextPrepareTestInstance" is-config="true" duration-ms="17399" started-at="2019-10-31T23:18:03 EDT" depends-on-methods="org.springframework.test.context.testng.AbstractTestNGSpringContextTests.springTestContextBeforeTestClass" finished-at="2019-10-31T23:18:20 EDT">
          <reporter-output>
          </reporter-output>
        </test-method> <!-- springTestContextPrepareTestInstance -->
        <test-method status="PASS" signature="setup()[pri:0, instance:ca.mcgill.ecse321.tutor.integration.RESTfulServicesTests@5d7148e2]" name="setup" is-config="true" duration-ms="2036" started-at="2019-10-31T23:18:20 EDT" finished-at="2019-10-31T23:18:22 EDT">
          <reporter-output>
          </reporter-output>
        </test-method> <!-- setup -->
        <test-method status="PASS" signature="springTestContextBeforeTestMethod(java.lang.reflect.Method)[pri:0, instance:ca.mcgill.ecse321.tutor.integration.RESTfulServicesTests@5d7148e2]" name="springTestContextBeforeTestMethod" is-config="true" duration-ms="2" started-at="2019-10-31T23:18:22 EDT" finished-at="2019-10-31T23:18:22 EDT">
          <params>
            <param index="0">
              <value>
                <![CDATA[public void ca.mcgill.ecse321.tutor.integration.RESTfulServicesTests.testTutorNotification()]]>
              </value>
            </param>
          </params>
          <reporter-output>
          </reporter-output>
        </test-method> <!-- springTestContextBeforeTestMethod -->
        <test-method status="PASS" signature="testTutorNotification()[pri:0, instance:ca.mcgill.ecse321.tutor.integration.RESTfulServicesTests@5d7148e2]" name="testTutorNotification" duration-ms="1373" started-at="2019-10-31T23:18:22 EDT" finished-at="2019-10-31T23:18:23 EDT">
          <reporter-output>
          </reporter-output>
        </test-method> <!-- testTutorNotification -->
        <test-method status="PASS" signature="springTestContextAfterTestMethod(java.lang.reflect.Method)[pri:0, instance:ca.mcgill.ecse321.tutor.integration.RESTfulServicesTests@5d7148e2]" name="springTestContextAfterTestMethod" is-config="true" duration-ms="1" started-at="2019-10-31T23:18:23 EDT" finished-at="2019-10-31T23:18:23 EDT">
          <params>
            <param index="0">
              <value>
                <![CDATA[public void ca.mcgill.ecse321.tutor.integration.RESTfulServicesTests.testTutorNotification()]]>
              </value>
            </param>
          </params>
          <reporter-output>
          </reporter-output>
        </test-method> <!-- springTestContextAfterTestMethod -->
        <test-method status="PASS" signature="springTestContextBeforeTestMethod(java.lang.reflect.Method)[pri:0, instance:ca.mcgill.ecse321.tutor.integration.RESTfulServicesTests@5d7148e2]" name="springTestContextBeforeTestMethod" is-config="true" duration-ms="1" started-at="2019-10-31T23:18:23 EDT" finished-at="2019-10-31T23:18:23 EDT">
          <params>
            <param index="0">
              <value>
                <![CDATA[public void ca.mcgill.ecse321.tutor.integration.RESTfulServicesTests.testCreateNotification()]]>
              </value>
            </param>
          </params>
          <reporter-output>
          </reporter-output>
        </test-method> <!-- springTestContextBeforeTestMethod -->
        <test-method status="FAIL" signature="testCreateNotification()[pri:1, instance:ca.mcgill.ecse321.tutor.integration.RESTfulServicesTests@5d7148e2]" name="testCreateNotification" duration-ms="645" started-at="2019-10-31T23:18:23 EDT" finished-at="2019-10-31T23:18:24 EDT">
          <exception class="java.lang.AssertionError">
            <message>
              <![CDATA[expected [200] but found [500]]]>
            </message>
            <full-stacktrace>
              <![CDATA[java.lang.AssertionError: expected [200] but found [500]
at org.testng.Assert.fail(Assert.java:97)
at org.testng.Assert.assertEqualsImpl(Assert.java:136)
at org.testng.Assert.assertEquals(Assert.java:118)
at org.testng.Assert.assertEquals(Assert.java:839)
at org.testng.Assert.assertEquals(Assert.java:849)
at ca.mcgill.ecse321.tutor.integration.RESTfulServicesTests.testCreateNotification(RESTfulServicesTests.java:226)
at sun.reflect.NativeMethodAccessorImpl.invoke0(Native Method)
at sun.reflect.NativeMethodAccessorImpl.invoke(Unknown Source)
at sun.reflect.DelegatingMethodAccessorImpl.invoke(Unknown Source)
at java.lang.reflect.Method.invoke(Unknown Source)
at org.testng.internal.MethodInvocationHelper.invokeMethod(MethodInvocationHelper.java:133)
at org.testng.internal.MethodInvocationHelper$1.runTestMethod(MethodInvocationHelper.java:239)
at org.springframework.test.context.testng.AbstractTestNGSpringContextTests.run(AbstractTestNGSpringContextTests.java:180)
at org.testng.internal.MethodInvocationHelper.invokeHookable(MethodInvocationHelper.java:251)
at org.testng.internal.TestInvoker.invokeMethod(TestInvoker.java:580)
at org.testng.internal.TestInvoker.invokeTestMethod(TestInvoker.java:172)
at org.testng.internal.MethodRunner.runInSequence(MethodRunner.java:46)
at org.testng.internal.TestInvoker$MethodInvocationAgent.invoke(TestInvoker.java:804)
at org.testng.internal.TestInvoker.invokeTestMethods(TestInvoker.java:145)
at org.testng.internal.TestMethodWorker.invokeTestMethods(TestMethodWorker.java:146)
at org.testng.internal.TestMethodWorker.run(TestMethodWorker.java:128)
at java.util.ArrayList.forEach(Unknown Source)
at org.testng.TestRunner.privateRun(TestRunner.java:770)
at org.testng.TestRunner.run(TestRunner.java:591)
at org.testng.SuiteRunner.runTest(SuiteRunner.java:402)
at org.testng.SuiteRunner.runSequentially(SuiteRunner.java:396)
at org.testng.SuiteRunner.privateRun(SuiteRunner.java:355)
at org.testng.SuiteRunner.run(SuiteRunner.java:304)
at org.testng.SuiteRunnerWorker.runSuite(SuiteRunnerWorker.java:53)
at org.testng.SuiteRunnerWorker.run(SuiteRunnerWorker.java:96)
at org.testng.TestNG.runSuitesSequentially(TestNG.java:1180)
at org.testng.TestNG.runSuitesLocally(TestNG.java:1102)
at org.testng.TestNG.runSuites(TestNG.java:1032)
at org.testng.TestNG.run(TestNG.java:1000)
at org.testng.remote.AbstractRemoteTestNG.run(AbstractRemoteTestNG.java:115)
at org.testng.remote.RemoteTestNG.initAndRun(RemoteTestNG.java:251)
at org.testng.remote.RemoteTestNG.main(RemoteTestNG.java:77)
]]>
            </full-stacktrace>
          </exception> <!-- java.lang.AssertionError -->
          <reporter-output>
          </reporter-output>
        </test-method> <!-- testCreateNotification -->
        <test-method status="PASS" signature="springTestContextAfterTestMethod(java.lang.reflect.Method)[pri:0, instance:ca.mcgill.ecse321.tutor.integration.RESTfulServicesTests@5d7148e2]" name="springTestContextAfterTestMethod" is-config="true" duration-ms="1" started-at="2019-10-31T23:18:24 EDT" finished-at="2019-10-31T23:18:24 EDT">
          <params>
            <param index="0">
              <value>
                <![CDATA[public void ca.mcgill.ecse321.tutor.integration.RESTfulServicesTests.testCreateNotification()]]>
              </value>
            </param>
          </params>
          <reporter-output>
          </reporter-output>
        </test-method> <!-- springTestContextAfterTestMethod -->
        <test-method status="SKIP" signature="testGetNotificationByID()[pri:2, instance:ca.mcgill.ecse321.tutor.integration.RESTfulServicesTests@5d7148e2]" name="testGetNotificationByID" duration-ms="0" started-at="2019-10-31T23:18:24 EDT" depends-on-methods="ca.mcgill.ecse321.tutor.integration.RESTfulServicesTests.testCreateNotification" finished-at="2019-10-31T23:18:24 EDT">
          <exception class="java.lang.Throwable">
            <message>
              <![CDATA[Method RESTfulServicesTests.testGetNotificationByID()[pri:2, instance:ca.mcgill.ecse321.tutor.integration.RESTfulServicesTests@5d7148e2] depends on not successfully finished methods]]>
            </message>
            <full-stacktrace>
              <![CDATA[java.lang.Throwable: Method RESTfulServicesTests.testGetNotificationByID()[pri:2, instance:ca.mcgill.ecse321.tutor.integration.RESTfulServicesTests@5d7148e2] depends on not successfully finished methods
at org.testng.internal.TestInvoker.invokeTestMethods(TestInvoker.java:99)
at org.testng.internal.TestMethodWorker.invokeTestMethods(TestMethodWorker.java:146)
at org.testng.internal.TestMethodWorker.run(TestMethodWorker.java:128)
at java.util.ArrayList.forEach(Unknown Source)
at org.testng.TestRunner.privateRun(TestRunner.java:770)
at org.testng.TestRunner.run(TestRunner.java:591)
at org.testng.SuiteRunner.runTest(SuiteRunner.java:402)
at org.testng.SuiteRunner.runSequentially(SuiteRunner.java:396)
at org.testng.SuiteRunner.privateRun(SuiteRunner.java:355)
at org.testng.SuiteRunner.run(SuiteRunner.java:304)
at org.testng.SuiteRunnerWorker.runSuite(SuiteRunnerWorker.java:53)
at org.testng.SuiteRunnerWorker.run(SuiteRunnerWorker.java:96)
at org.testng.TestNG.runSuitesSequentially(TestNG.java:1180)
at org.testng.TestNG.runSuitesLocally(TestNG.java:1102)
at org.testng.TestNG.runSuites(TestNG.java:1032)
at org.testng.TestNG.run(TestNG.java:1000)
at org.testng.remote.AbstractRemoteTestNG.run(AbstractRemoteTestNG.java:115)
at org.testng.remote.RemoteTestNG.initAndRun(RemoteTestNG.java:251)
at org.testng.remote.RemoteTestNG.main(RemoteTestNG.java:77)
]]>
            </full-stacktrace>
          </exception> <!-- java.lang.Throwable -->
          <reporter-output>
          </reporter-output>
        </test-method> <!-- testGetNotificationByID -->
        <test-method status="PASS" signature="springTestContextBeforeTestMethod(java.lang.reflect.Method)[pri:0, instance:ca.mcgill.ecse321.tutor.integration.RESTfulServicesTests@5d7148e2]" name="springTestContextBeforeTestMethod" is-config="true" duration-ms="0" started-at="2019-10-31T23:18:24 EDT" finished-at="2019-10-31T23:18:24 EDT">
          <params>
            <param index="0">
              <value>
                <![CDATA[public void ca.mcgill.ecse321.tutor.integration.RESTfulServicesTests.testCreateTimeSlot()]]>
              </value>
            </param>
          </params>
          <reporter-output>
          </reporter-output>
        </test-method> <!-- springTestContextBeforeTestMethod -->
        <test-method status="PASS" signature="testCreateTimeSlot()[pri:4, instance:ca.mcgill.ecse321.tutor.integration.RESTfulServicesTests@5d7148e2]" name="testCreateTimeSlot" duration-ms="129" started-at="2019-10-31T23:18:24 EDT" finished-at="2019-10-31T23:18:24 EDT">
          <reporter-output>
          </reporter-output>
        </test-method> <!-- testCreateTimeSlot -->
        <test-method status="PASS" signature="springTestContextAfterTestMethod(java.lang.reflect.Method)[pri:0, instance:ca.mcgill.ecse321.tutor.integration.RESTfulServicesTests@5d7148e2]" name="springTestContextAfterTestMethod" is-config="true" duration-ms="0" started-at="2019-10-31T23:18:24 EDT" finished-at="2019-10-31T23:18:24 EDT">
          <params>
            <param index="0">
              <value>
                <![CDATA[public void ca.mcgill.ecse321.tutor.integration.RESTfulServicesTests.testCreateTimeSlot()]]>
              </value>
            </param>
          </params>
          <reporter-output>
          </reporter-output>
        </test-method> <!-- springTestContextAfterTestMethod -->
        <test-method status="PASS" signature="testGetTimeSlotById()[pri:5, instance:ca.mcgill.ecse321.tutor.integration.RESTfulServicesTests@5d7148e2]" name="testGetTimeSlotById" duration-ms="132" started-at="2019-10-31T23:18:24 EDT" finished-at="2019-10-31T23:18:24 EDT">
          <reporter-output>
          </reporter-output>
        </test-method> <!-- testGetTimeSlotById -->
        <test-method status="PASS" signature="springTestContextBeforeTestMethod(java.lang.reflect.Method)[pri:0, instance:ca.mcgill.ecse321.tutor.integration.RESTfulServicesTests@5d7148e2]" name="springTestContextBeforeTestMethod" is-config="true" duration-ms="0" started-at="2019-10-31T23:18:24 EDT" finished-at="2019-10-31T23:18:24 EDT">
          <params>
            <param index="0">
              <value>
                <![CDATA[public void ca.mcgill.ecse321.tutor.integration.RESTfulServicesTests.testGetTimeSlotById()]]>
              </value>
            </param>
          </params>
          <reporter-output>
          </reporter-output>
        </test-method> <!-- springTestContextBeforeTestMethod -->
        <test-method status="PASS" signature="springTestContextBeforeTestMethod(java.lang.reflect.Method)[pri:0, instance:ca.mcgill.ecse321.tutor.integration.RESTfulServicesTests@5d7148e2]" name="springTestContextBeforeTestMethod" is-config="true" duration-ms="0" started-at="2019-10-31T23:18:24 EDT" finished-at="2019-10-31T23:18:24 EDT">
          <params>
            <param index="0">
              <value>
                <![CDATA[public void ca.mcgill.ecse321.tutor.integration.RESTfulServicesTests.testCreateTutor()]]>
              </value>
            </param>
          </params>
          <reporter-output>
          </reporter-output>
        </test-method> <!-- springTestContextBeforeTestMethod -->
        <test-method status="PASS" signature="springTestContextAfterTestMethod(java.lang.reflect.Method)[pri:0, instance:ca.mcgill.ecse321.tutor.integration.RESTfulServicesTests@5d7148e2]" name="springTestContextAfterTestMethod" is-config="true" duration-ms="0" started-at="2019-10-31T23:18:24 EDT" finished-at="2019-10-31T23:18:24 EDT">
          <params>
            <param index="0">
              <value>
                <![CDATA[public void ca.mcgill.ecse321.tutor.integration.RESTfulServicesTests.testGetTimeSlotById()]]>
              </value>
            </param>
          </params>
          <reporter-output>
          </reporter-output>
        </test-method> <!-- springTestContextAfterTestMethod -->
        <test-method status="PASS" signature="testCreateTutor()[pri:6, instance:ca.mcgill.ecse321.tutor.integration.RESTfulServicesTests@5d7148e2]" name="testCreateTutor" duration-ms="92" started-at="2019-10-31T23:18:24 EDT" finished-at="2019-10-31T23:18:25 EDT">
          <reporter-output>
          </reporter-output>
        </test-method> <!-- testCreateTutor -->
        <test-method status="PASS" signature="springTestContextAfterTestMethod(java.lang.reflect.Method)[pri:0, instance:ca.mcgill.ecse321.tutor.integration.RESTfulServicesTests@5d7148e2]" name="springTestContextAfterTestMethod" is-config="true" duration-ms="0" started-at="2019-10-31T23:18:25 EDT" finished-at="2019-10-31T23:18:25 EDT">
          <params>
            <param index="0">
              <value>
                <![CDATA[public void ca.mcgill.ecse321.tutor.integration.RESTfulServicesTests.testCreateTutor()]]>
              </value>
            </param>
          </params>
          <reporter-output>
          </reporter-output>
        </test-method> <!-- springTestContextAfterTestMethod -->
        <test-method status="PASS" signature="springTestContextBeforeTestMethod(java.lang.reflect.Method)[pri:0, instance:ca.mcgill.ecse321.tutor.integration.RESTfulServicesTests@5d7148e2]" name="springTestContextBeforeTestMethod" is-config="true" duration-ms="0" started-at="2019-10-31T23:18:25 EDT" finished-at="2019-10-31T23:18:25 EDT">
          <params>
            <param index="0">
              <value>
                <![CDATA[public void ca.mcgill.ecse321.tutor.integration.RESTfulServicesTests.testGetTutorById()]]>
              </value>
            </param>
          </params>
          <reporter-output>
          </reporter-output>
        </test-method> <!-- springTestContextBeforeTestMethod -->
        <test-method status="PASS" signature="testGetTutorById()[pri:7, instance:ca.mcgill.ecse321.tutor.integration.RESTfulServicesTests@5d7148e2]" name="testGetTutorById" duration-ms="100" started-at="2019-10-31T23:18:25 EDT" finished-at="2019-10-31T23:18:25 EDT">
          <reporter-output>
          </reporter-output>
        </test-method> <!-- testGetTutorById -->
        <test-method status="PASS" signature="springTestContextAfterTestMethod(java.lang.reflect.Method)[pri:0, instance:ca.mcgill.ecse321.tutor.integration.RESTfulServicesTests@5d7148e2]" name="springTestContextAfterTestMethod" is-config="true" duration-ms="0" started-at="2019-10-31T23:18:25 EDT" finished-at="2019-10-31T23:18:25 EDT">
          <params>
            <param index="0">
              <value>
                <![CDATA[public void ca.mcgill.ecse321.tutor.integration.RESTfulServicesTests.testGetTutorById()]]>
              </value>
            </param>
          </params>
          <reporter-output>
          </reporter-output>
        </test-method> <!-- springTestContextAfterTestMethod -->
        <test-method status="PASS" signature="testCreateTutoringSession()[pri:8, instance:ca.mcgill.ecse321.tutor.integration.RESTfulServicesTests@5d7148e2]" name="testCreateTutoringSession" duration-ms="840" started-at="2019-10-31T23:18:25 EDT" finished-at="2019-10-31T23:18:25 EDT">
          <reporter-output>
          </reporter-output>
        </test-method> <!-- testCreateTutoringSession -->
        <test-method status="PASS" signature="springTestContextBeforeTestMethod(java.lang.reflect.Method)[pri:0, instance:ca.mcgill.ecse321.tutor.integration.RESTfulServicesTests@5d7148e2]" name="springTestContextBeforeTestMethod" is-config="true" duration-ms="0" started-at="2019-10-31T23:18:25 EDT" finished-at="2019-10-31T23:18:25 EDT">
          <params>
            <param index="0">
              <value>
                <![CDATA[public void ca.mcgill.ecse321.tutor.integration.RESTfulServicesTests.testCreateTutoringSession()]]>
              </value>
            </param>
          </params>
          <reporter-output>
          </reporter-output>
        </test-method> <!-- springTestContextBeforeTestMethod -->
        <test-method status="PASS" signature="springTestContextAfterTestMethod(java.lang.reflect.Method)[pri:0, instance:ca.mcgill.ecse321.tutor.integration.RESTfulServicesTests@5d7148e2]" name="springTestContextAfterTestMethod" is-config="true" duration-ms="0" started-at="2019-10-31T23:18:25 EDT" finished-at="2019-10-31T23:18:25 EDT">
          <params>
            <param index="0">
              <value>
                <![CDATA[public void ca.mcgill.ecse321.tutor.integration.RESTfulServicesTests.testCreateTutoringSession()]]>
              </value>
            </param>
          </params>
          <reporter-output>
          </reporter-output>
        </test-method> <!-- springTestContextAfterTestMethod -->
        <test-method status="PASS" signature="springTestContextBeforeTestMethod(java.lang.reflect.Method)[pri:0, instance:ca.mcgill.ecse321.tutor.integration.RESTfulServicesTests@5d7148e2]" name="springTestContextBeforeTestMethod" is-config="true" duration-ms="1" started-at="2019-10-31T23:18:25 EDT" finished-at="2019-10-31T23:18:25 EDT">
          <params>
            <param index="0">
              <value>
                <![CDATA[public void ca.mcgill.ecse321.tutor.integration.RESTfulServicesTests.testGetTutoringSessionById()]]>
              </value>
            </param>
          </params>
          <reporter-output>
          </reporter-output>
        </test-method> <!-- springTestContextBeforeTestMethod -->
        <test-method status="PASS" signature="testGetTutoringSessionById()[pri:9, instance:ca.mcgill.ecse321.tutor.integration.RESTfulServicesTests@5d7148e2]" name="testGetTutoringSessionById" duration-ms="1280" started-at="2019-10-31T23:18:25 EDT" depends-on-methods="ca.mcgill.ecse321.tutor.integration.RESTfulServicesTests.testCreateTutoringSession" finished-at="2019-10-31T23:18:27 EDT">
          <reporter-output>
          </reporter-output>
        </test-method> <!-- testGetTutoringSessionById -->
        <test-method status="PASS" signature="springTestContextAfterTestMethod(java.lang.reflect.Method)[pri:0, instance:ca.mcgill.ecse321.tutor.integration.RESTfulServicesTests@5d7148e2]" name="springTestContextAfterTestMethod" is-config="true" duration-ms="0" started-at="2019-10-31T23:18:27 EDT" finished-at="2019-10-31T23:18:27 EDT">
          <params>
            <param index="0">
              <value>
                <![CDATA[public void ca.mcgill.ecse321.tutor.integration.RESTfulServicesTests.testGetTutoringSessionById()]]>
              </value>
            </param>
          </params>
          <reporter-output>
          </reporter-output>
        </test-method> <!-- springTestContextAfterTestMethod -->
        <test-method status="PASS" signature="springTestContextBeforeTestMethod(java.lang.reflect.Method)[pri:0, instance:ca.mcgill.ecse321.tutor.integration.RESTfulServicesTests@5d7148e2]" name="springTestContextBeforeTestMethod" is-config="true" duration-ms="1" started-at="2019-10-31T23:18:27 EDT" finished-at="2019-10-31T23:18:27 EDT">
          <params>
            <param index="0">
              <value>
                <![CDATA[public void ca.mcgill.ecse321.tutor.integration.RESTfulServicesTests.testGetCourse()]]>
              </value>
            </param>
          </params>
          <reporter-output>
          </reporter-output>
        </test-method> <!-- springTestContextBeforeTestMethod -->
        <test-method status="PASS" signature="testGetCourse()[pri:11, instance:ca.mcgill.ecse321.tutor.integration.RESTfulServicesTests@5d7148e2]" name="testGetCourse" duration-ms="68" started-at="2019-10-31T23:18:27 EDT" finished-at="2019-10-31T23:18:27 EDT">
          <reporter-output>
          </reporter-output>
        </test-method> <!-- testGetCourse -->
        <test-method status="PASS" signature="springTestContextAfterTestMethod(java.lang.reflect.Method)[pri:0, instance:ca.mcgill.ecse321.tutor.integration.RESTfulServicesTests@5d7148e2]" name="springTestContextAfterTestMethod" is-config="true" duration-ms="1" started-at="2019-10-31T23:18:27 EDT" finished-at="2019-10-31T23:18:27 EDT">
          <params>
            <param index="0">
              <value>
                <![CDATA[public void ca.mcgill.ecse321.tutor.integration.RESTfulServicesTests.testGetCourse()]]>
              </value>
            </param>
          </params>
          <reporter-output>
          </reporter-output>
        </test-method> <!-- springTestContextAfterTestMethod -->
        <test-method status="PASS" signature="springTestContextBeforeTestMethod(java.lang.reflect.Method)[pri:0, instance:ca.mcgill.ecse321.tutor.integration.RESTfulServicesTests@5d7148e2]" name="springTestContextBeforeTestMethod" is-config="true" duration-ms="0" started-at="2019-10-31T23:18:27 EDT" finished-at="2019-10-31T23:18:27 EDT">
          <params>
            <param index="0">
              <value>
                <![CDATA[public void ca.mcgill.ecse321.tutor.integration.RESTfulServicesTests.testGetManager()]]>
              </value>
            </param>
          </params>
          <reporter-output>
          </reporter-output>
        </test-method> <!-- springTestContextBeforeTestMethod -->
        <test-method status="PASS" signature="testGetManager()[pri:11, instance:ca.mcgill.ecse321.tutor.integration.RESTfulServicesTests@5d7148e2]" name="testGetManager" duration-ms="49" started-at="2019-10-31T23:18:27 EDT" finished-at="2019-10-31T23:18:27 EDT">
          <reporter-output>
          </reporter-output>
        </test-method> <!-- testGetManager -->
        <test-method status="PASS" signature="springTestContextAfterTestMethod(java.lang.reflect.Method)[pri:0, instance:ca.mcgill.ecse321.tutor.integration.RESTfulServicesTests@5d7148e2]" name="springTestContextAfterTestMethod" is-config="true" duration-ms="1" started-at="2019-10-31T23:18:27 EDT" finished-at="2019-10-31T23:18:27 EDT">
          <params>
            <param index="0">
              <value>
                <![CDATA[public void ca.mcgill.ecse321.tutor.integration.RESTfulServicesTests.testGetManager()]]>
              </value>
            </param>
          </params>
          <reporter-output>
          </reporter-output>
        </test-method> <!-- springTestContextAfterTestMethod -->
        <test-method status="PASS" signature="springTestContextBeforeTestMethod(java.lang.reflect.Method)[pri:0, instance:ca.mcgill.ecse321.tutor.integration.RESTfulServicesTests@5d7148e2]" name="springTestContextBeforeTestMethod" is-config="true" duration-ms="0" started-at="2019-10-31T23:18:27 EDT" finished-at="2019-10-31T23:18:27 EDT">
          <params>
            <param index="0">
              <value>
                <![CDATA[public void ca.mcgill.ecse321.tutor.integration.RESTfulServicesTests.testGetRoom()]]>
              </value>
            </param>
          </params>
          <reporter-output>
          </reporter-output>
        </test-method> <!-- springTestContextBeforeTestMethod -->
        <test-method status="PASS" signature="testGetRoom()[pri:11, instance:ca.mcgill.ecse321.tutor.integration.RESTfulServicesTests@5d7148e2]" name="testGetRoom" duration-ms="77" started-at="2019-10-31T23:18:27 EDT" finished-at="2019-10-31T23:18:27 EDT">
          <reporter-output>
          </reporter-output>
        </test-method> <!-- testGetRoom -->
        <test-method status="PASS" signature="springTestContextAfterTestMethod(java.lang.reflect.Method)[pri:0, instance:ca.mcgill.ecse321.tutor.integration.RESTfulServicesTests@5d7148e2]" name="springTestContextAfterTestMethod" is-config="true" duration-ms="0" started-at="2019-10-31T23:18:27 EDT" finished-at="2019-10-31T23:18:27 EDT">
          <params>
            <param index="0">
              <value>
                <![CDATA[public void ca.mcgill.ecse321.tutor.integration.RESTfulServicesTests.testGetRoom()]]>
              </value>
            </param>
          </params>
          <reporter-output>
          </reporter-output>
        </test-method> <!-- springTestContextAfterTestMethod -->
        <test-method status="PASS" signature="testGetStudent()[pri:11, instance:ca.mcgill.ecse321.tutor.integration.RESTfulServicesTests@5d7148e2]" name="testGetStudent" duration-ms="67" started-at="2019-10-31T23:18:27 EDT" finished-at="2019-10-31T23:18:27 EDT">
          <reporter-output>
          </reporter-output>
        </test-method> <!-- testGetStudent -->
        <test-method status="PASS" signature="springTestContextBeforeTestMethod(java.lang.reflect.Method)[pri:0, instance:ca.mcgill.ecse321.tutor.integration.RESTfulServicesTests@5d7148e2]" name="springTestContextBeforeTestMethod" is-config="true" duration-ms="0" started-at="2019-10-31T23:18:27 EDT" finished-at="2019-10-31T23:18:27 EDT">
          <params>
            <param index="0">
              <value>
                <![CDATA[public void ca.mcgill.ecse321.tutor.integration.RESTfulServicesTests.testGetStudent()]]>
              </value>
            </param>
          </params>
          <reporter-output>
          </reporter-output>
        </test-method> <!-- springTestContextBeforeTestMethod -->
        <test-method status="PASS" signature="springTestContextAfterTestMethod(java.lang.reflect.Method)[pri:0, instance:ca.mcgill.ecse321.tutor.integration.RESTfulServicesTests@5d7148e2]" name="springTestContextAfterTestMethod" is-config="true" duration-ms="0" started-at="2019-10-31T23:18:27 EDT" finished-at="2019-10-31T23:18:27 EDT">
          <params>
            <param index="0">
              <value>
                <![CDATA[public void ca.mcgill.ecse321.tutor.integration.RESTfulServicesTests.testGetStudent()]]>
              </value>
            </param>
          </params>
          <reporter-output>
          </reporter-output>
        </test-method> <!-- springTestContextAfterTestMethod -->
        <test-method status="PASS" signature="springTestContextAfterTestClass()[pri:0, instance:ca.mcgill.ecse321.tutor.integration.RESTfulServicesTests@5d7148e2]" name="springTestContextAfterTestClass" is-config="true" duration-ms="0" started-at="2019-10-31T23:18:27 EDT" finished-at="2019-10-31T23:18:27 EDT">
          <reporter-output>
          </reporter-output>
        </test-method> <!-- springTestContextAfterTestClass -->
      </class> <!-- ca.mcgill.ecse321.tutor.integration.RESTfulServicesTests -->
    </test> <!-- Default test -->
  </suite> <!-- Default suite -->
</testng-results>
