<?xml version="1.0" encoding="UTF-8"?>
<testng-results skipped="0" failed="1" ignored="0" total="3" passed="2">
  <reporter-output>
  </reporter-output>
  <suite name="Default suite" duration-ms="21150" started-at="2019-10-31T19:08:04 EDT" finished-at="2019-10-31T19:08:25 EDT">
    <groups>
      <group name="Notification">
        <method signature="RESTfulServicesTests.testCreateNotification()[pri:1, instance:ca.mcgill.ecse321.tutor.integration.RESTfulServicesTests@543588e6]" name="testCreateNotification" class="ca.mcgill.ecse321.tutor.integration.RESTfulServicesTests"/>
        <method signature="RESTfulServicesTests.testGetNotificationByID()[pri:2, instance:ca.mcgill.ecse321.tutor.integration.RESTfulServicesTests@543588e6]" name="testGetNotificationByID" class="ca.mcgill.ecse321.tutor.integration.RESTfulServicesTests"/>
        <method signature="RESTfulServicesTests.testGetNotificationByTutor()[pri:3, instance:ca.mcgill.ecse321.tutor.integration.RESTfulServicesTests@543588e6]" name="testGetNotificationByTutor" class="ca.mcgill.ecse321.tutor.integration.RESTfulServicesTests"/>
      </group> <!-- Notification -->
    </groups>
    <test name="Default test" duration-ms="21150" started-at="2019-10-31T19:08:04 EDT" finished-at="2019-10-31T19:08:25 EDT">
      <class name="ca.mcgill.ecse321.tutor.integration.RESTfulServicesTests">
        <test-method status="PASS" signature="springTestContextBeforeTestClass()[pri:0, instance:ca.mcgill.ecse321.tutor.integration.RESTfulServicesTests@543588e6]" name="springTestContextBeforeTestClass" is-config="true" duration-ms="21" started-at="2019-10-31T19:08:04 EDT" finished-at="2019-10-31T19:08:04 EDT">
          <reporter-output>
          </reporter-output>
        </test-method> <!-- springTestContextBeforeTestClass -->
        <test-method status="PASS" signature="springTestContextPrepareTestInstance()[pri:0, instance:ca.mcgill.ecse321.tutor.integration.RESTfulServicesTests@543588e6]" name="springTestContextPrepareTestInstance" is-config="true" duration-ms="16395" started-at="2019-10-31T19:08:04 EDT" depends-on-methods="org.springframework.test.context.testng.AbstractTestNGSpringContextTests.springTestContextBeforeTestClass" finished-at="2019-10-31T19:08:20 EDT">
          <reporter-output>
          </reporter-output>
        </test-method> <!-- springTestContextPrepareTestInstance -->
        <test-method status="PASS" signature="setup()[pri:0, instance:ca.mcgill.ecse321.tutor.integration.RESTfulServicesTests@543588e6]" name="setup" is-config="true" duration-ms="2348" started-at="2019-10-31T19:08:20 EDT" finished-at="2019-10-31T19:08:23 EDT">
          <reporter-output>
          </reporter-output>
        </test-method> <!-- setup -->
        <test-method status="PASS" signature="springTestContextBeforeTestMethod(java.lang.reflect.Method)[pri:0, instance:ca.mcgill.ecse321.tutor.integration.RESTfulServicesTests@543588e6]" name="springTestContextBeforeTestMethod" is-config="true" duration-ms="3" started-at="2019-10-31T19:08:23 EDT" finished-at="2019-10-31T19:08:23 EDT">
          <params>
            <param index="0">
              <value>
                <![CDATA[public void ca.mcgill.ecse321.tutor.integration.RESTfulServicesTests.testCreateNotification()]]>
              </value>
            </param>
          </params>
          <reporter-output>
          </reporter-output>
        </test-method> <!-- springTestContextBeforeTestMethod -->
        <test-method status="PASS" signature="testCreateNotification()[pri:1, instance:ca.mcgill.ecse321.tutor.integration.RESTfulServicesTests@543588e6]" name="testCreateNotification" duration-ms="1431" started-at="2019-10-31T19:08:23 EDT" finished-at="2019-10-31T19:08:24 EDT">
          <reporter-output>
          </reporter-output>
        </test-method> <!-- testCreateNotification -->
        <test-method status="PASS" signature="springTestContextAfterTestMethod(java.lang.reflect.Method)[pri:0, instance:ca.mcgill.ecse321.tutor.integration.RESTfulServicesTests@543588e6]" name="springTestContextAfterTestMethod" is-config="true" duration-ms="0" started-at="2019-10-31T19:08:24 EDT" finished-at="2019-10-31T19:08:24 EDT">
          <params>
            <param index="0">
              <value>
                <![CDATA[public void ca.mcgill.ecse321.tutor.integration.RESTfulServicesTests.testCreateNotification()]]>
              </value>
            </param>
          </params>
          <reporter-output>
          </reporter-output>
        </test-method> <!-- springTestContextAfterTestMethod -->
        <test-method status="PASS" signature="springTestContextBeforeTestMethod(java.lang.reflect.Method)[pri:0, instance:ca.mcgill.ecse321.tutor.integration.RESTfulServicesTests@543588e6]" name="springTestContextBeforeTestMethod" is-config="true" duration-ms="1" started-at="2019-10-31T19:08:24 EDT" finished-at="2019-10-31T19:08:24 EDT">
          <params>
            <param index="0">
              <value>
                <![CDATA[public void ca.mcgill.ecse321.tutor.integration.RESTfulServicesTests.testGetNotificationByID()]]>
              </value>
            </param>
          </params>
          <reporter-output>
          </reporter-output>
        </test-method> <!-- springTestContextBeforeTestMethod -->
        <test-method status="PASS" signature="testGetNotificationByID()[pri:2, instance:ca.mcgill.ecse321.tutor.integration.RESTfulServicesTests@543588e6]" name="testGetNotificationByID" duration-ms="720" started-at="2019-10-31T19:08:24 EDT" depends-on-methods="ca.mcgill.ecse321.tutor.integration.RESTfulServicesTests.testCreateNotification" finished-at="2019-10-31T19:08:25 EDT">
          <reporter-output>
          </reporter-output>
        </test-method> <!-- testGetNotificationByID -->
        <test-method status="PASS" signature="springTestContextAfterTestMethod(java.lang.reflect.Method)[pri:0, instance:ca.mcgill.ecse321.tutor.integration.RESTfulServicesTests@543588e6]" name="springTestContextAfterTestMethod" is-config="true" duration-ms="0" started-at="2019-10-31T19:08:25 EDT" finished-at="2019-10-31T19:08:25 EDT">
          <params>
            <param index="0">
              <value>
                <![CDATA[public void ca.mcgill.ecse321.tutor.integration.RESTfulServicesTests.testGetNotificationByID()]]>
              </value>
            </param>
          </params>
          <reporter-output>
          </reporter-output>
        </test-method> <!-- springTestContextAfterTestMethod -->
        <test-method status="PASS" signature="springTestContextBeforeTestMethod(java.lang.reflect.Method)[pri:0, instance:ca.mcgill.ecse321.tutor.integration.RESTfulServicesTests@543588e6]" name="springTestContextBeforeTestMethod" is-config="true" duration-ms="0" started-at="2019-10-31T19:08:25 EDT" finished-at="2019-10-31T19:08:25 EDT">
          <params>
            <param index="0">
              <value>
                <![CDATA[public void ca.mcgill.ecse321.tutor.integration.RESTfulServicesTests.testGetNotificationByTutor()]]>
              </value>
            </param>
          </params>
          <reporter-output>
          </reporter-output>
        </test-method> <!-- springTestContextBeforeTestMethod -->
        <test-method status="FAIL" signature="testGetNotificationByTutor()[pri:3, instance:ca.mcgill.ecse321.tutor.integration.RESTfulServicesTests@543588e6]" name="testGetNotificationByTutor" duration-ms="174" started-at="2019-10-31T19:08:25 EDT" depends-on-methods="ca.mcgill.ecse321.tutor.integration.RESTfulServicesTests.testCreateNotification" finished-at="2019-10-31T19:08:25 EDT">
          <exception class="java.lang.AssertionError">
            <message>
              <![CDATA[expected [200 OK] but found [500 INTERNAL_SERVER_ERROR]]]>
            </message>
            <full-stacktrace>
              <![CDATA[java.lang.AssertionError: expected [200 OK] but found [500 INTERNAL_SERVER_ERROR]
at org.testng.Assert.fail(Assert.java:97)
at org.testng.Assert.assertEqualsImpl(Assert.java:136)
at org.testng.Assert.assertEquals(Assert.java:118)
at org.testng.Assert.assertEquals(Assert.java:563)
at ca.mcgill.ecse321.tutor.integration.RESTfulServicesTests.testGetNotificationByTutor(RESTfulServicesTests.java:260)
at sun.reflect.NativeMethodAccessorImpl.invoke0(Native Method)
at sun.reflect.NativeMethodAccessorImpl.invoke(Unknown Source)
at sun.reflect.DelegatingMethodAccessorImpl.invoke(Unknown Source)
at java.lang.reflect.Method.invoke(Unknown Source)
at org.testng.internal.MethodInvocationHelper.invokeMethod(MethodInvocationHelper.java:133)
at org.testng.internal.MethodInvocationHelper$1.runTestMethod(MethodInvocationHelper.java:239)
at org.springframework.test.context.testng.AbstractTestNGSpringContextTests.run(AbstractTestNGSpringContextTests.java:180)
at org.testng.internal.MethodInvocationHelper.invokeHookable(MethodInvocationHelper.java:251)
at org.testng.internal.TestInvoker.invokeMethod(TestInvoker.java:580)
at org.testng.internal.TestInvoker.invokeTestMethod(TestInvoker.java:172)
at org.testng.internal.MethodRunner.runInSequence(MethodRunner.java:46)
at org.testng.internal.TestInvoker$MethodInvocationAgent.invoke(TestInvoker.java:804)
at org.testng.internal.TestInvoker.invokeTestMethods(TestInvoker.java:145)
at org.testng.internal.TestMethodWorker.invokeTestMethods(TestMethodWorker.java:146)
at org.testng.internal.TestMethodWorker.run(TestMethodWorker.java:128)
at java.util.ArrayList.forEach(Unknown Source)
at org.testng.TestRunner.privateRun(TestRunner.java:770)
at org.testng.TestRunner.run(TestRunner.java:591)
at org.testng.SuiteRunner.runTest(SuiteRunner.java:402)
at org.testng.SuiteRunner.runSequentially(SuiteRunner.java:396)
at org.testng.SuiteRunner.privateRun(SuiteRunner.java:355)
at org.testng.SuiteRunner.run(SuiteRunner.java:304)
at org.testng.SuiteRunnerWorker.runSuite(SuiteRunnerWorker.java:53)
at org.testng.SuiteRunnerWorker.run(SuiteRunnerWorker.java:96)
at org.testng.TestNG.runSuitesSequentially(TestNG.java:1180)
at org.testng.TestNG.runSuitesLocally(TestNG.java:1102)
at org.testng.TestNG.runSuites(TestNG.java:1032)
at org.testng.TestNG.run(TestNG.java:1000)
at org.testng.remote.AbstractRemoteTestNG.run(AbstractRemoteTestNG.java:115)
at org.testng.remote.RemoteTestNG.initAndRun(RemoteTestNG.java:251)
at org.testng.remote.RemoteTestNG.main(RemoteTestNG.java:77)
]]>
            </full-stacktrace>
          </exception> <!-- java.lang.AssertionError -->
          <reporter-output>
          </reporter-output>
        </test-method> <!-- testGetNotificationByTutor -->
        <test-method status="PASS" signature="springTestContextAfterTestMethod(java.lang.reflect.Method)[pri:0, instance:ca.mcgill.ecse321.tutor.integration.RESTfulServicesTests@543588e6]" name="springTestContextAfterTestMethod" is-config="true" duration-ms="0" started-at="2019-10-31T19:08:25 EDT" finished-at="2019-10-31T19:08:25 EDT">
          <params>
            <param index="0">
              <value>
                <![CDATA[public void ca.mcgill.ecse321.tutor.integration.RESTfulServicesTests.testGetNotificationByTutor()]]>
              </value>
            </param>
          </params>
          <reporter-output>
          </reporter-output>
        </test-method> <!-- springTestContextAfterTestMethod -->
        <test-method status="PASS" signature="springTestContextAfterTestClass()[pri:0, instance:ca.mcgill.ecse321.tutor.integration.RESTfulServicesTests@543588e6]" name="springTestContextAfterTestClass" is-config="true" duration-ms="1" started-at="2019-10-31T19:08:25 EDT" finished-at="2019-10-31T19:08:25 EDT">
          <reporter-output>
          </reporter-output>
        </test-method> <!-- springTestContextAfterTestClass -->
      </class> <!-- ca.mcgill.ecse321.tutor.integration.RESTfulServicesTests -->
    </test> <!-- Default test -->
  </suite> <!-- Default suite -->
</testng-results>
